\BOOKMARK [1][-]{section.1}{Pr\351ambule}{}% 1
\BOOKMARK [2][-]{subsection.1.1}{Vocabulaire}{section.1}% 2
\BOOKMARK [1][-]{section.2}{Introduction}{}% 3
\BOOKMARK [2][-]{subsection.2.1}{Mise en situation}{section.2}% 4
\BOOKMARK [2][-]{subsection.2.2}{Les r\350gles du jeu}{section.2}% 5
\BOOKMARK [2][-]{subsection.2.3}{Objectif du projet}{section.2}% 6
\BOOKMARK [1][-]{section.3}{Impl\351mention}{}% 7
\BOOKMARK [2][-]{subsection.3.1}{Int\351raction client/serveur}{section.3}% 8
\BOOKMARK [2][-]{subsection.3.2}{La boucle globale du jeu}{section.3}% 9
\BOOKMARK [1][-]{section.4}{D\351finitions des types abstraits de donn\351es n\351cessaires pour la mod\351lisation du jeu}{}% 10
\BOOKMARK [2][-]{subsection.4.1}{Les fonctions du TAD deck}{section.4}% 11
\BOOKMARK [2][-]{subsection.4.2}{D\351duction d'une structure deck}{section.4}% 12
\BOOKMARK [2][-]{subsection.4.3}{Les fonctions du TAD moves}{section.4}% 13
\BOOKMARK [2][-]{subsection.4.4}{D\351duction d'une structure moves}{section.4}% 14
\BOOKMARK [2][-]{subsection.4.5}{Les fonctions du TAD players}{section.4}% 15
\BOOKMARK [2][-]{subsection.4.6}{D\351duction d'une structure players}{section.4}% 16
\BOOKMARK [1][-]{section.5}{D\351finition des types abstraits de donn\351es permettant de valider les coups jou\351s}{}% 17
\BOOKMARK [2][-]{subsection.5.1}{Les fonctions du TAD tile}{section.5}% 18
\BOOKMARK [2][-]{subsection.5.2}{D\351duction d'une structure tile}{section.5}% 19
\BOOKMARK [2][-]{subsection.5.3}{Les fonctions du TAD set\137graph}{section.5}% 20
\BOOKMARK [2][-]{subsection.5.4}{D\351duction d'une structure set\137graph}{section.5}% 21
\BOOKMARK [2][-]{subsection.5.5}{Les fonctions du TAD node}{section.5}% 22
\BOOKMARK [2][-]{subsection.5.6}{D\351duction d'une structure node}{section.5}% 23
\BOOKMARK [1][-]{section.6}{Liaisons entre les TAD}{}% 24
\BOOKMARK [1][-]{section.7}{Modifier les structures : les fonctions importantes}{}% 25
\BOOKMARK [1][-]{section.8}{Impl\351menter une strat\351gie de jeu pour les joueurs}{}% 26
\BOOKMARK [2][-]{subsection.8.1}{Les strat\351gies impl\351ment\351es par nos joueurs}{section.8}% 27
\BOOKMARK [2][-]{subsection.8.2}{Les strat\351gies impl\351mentables pour une version am\351lior\351e}{section.8}% 28
\BOOKMARK [1][-]{section.9}{Compter les points des joueurs}{}% 29
\BOOKMARK [1][-]{section.10}{Conclusion}{}% 30
\BOOKMARK [2][-]{subsection.10.1}{R\351sultats exp\351rimentaux}{section.10}% 31
\BOOKMARK [2][-]{subsection.10.2}{Le code fourni atteint-il l'objectif fix\351 ?}{section.10}% 32
